Using pre-set license
Built from '2023.2/staging' branch; Version is '2023.2.11f1 (6a1e21c61430) revision 6954529'; Using compiler version '193431935'; Build Type 'Release'
OS: 'Windows 10  (10.0.19045) 64bit Professional' Language: 'pt' Physical Memory: 15741 MB
BatchMode: 1, IsHumanControllingUs: 0, StartBugReporterOnCrash: 0, Is64bit: 1, IsPro: 1

COMMAND LINE ARGUMENTS:
C:\Program Files\Unity\Hub\Editor\2023.2.11f1\Editor\Unity.exe
-adb2
-batchMode
-noUpm
-name
AssetImportWorker0
-projectPath
F:/3A-JOGOS/Grupos_TCC/GRUPO 5/CHASE-FUGITIVE/Fase 1 TCC
-logFile
Logs/AssetImportWorker0.log
-srvPort
50910
-job-worker-count
5
-background-job-worker-count
8
-asset-garbage-collectors
1
Successfully changed project path to: F:/3A-JOGOS/Grupos_TCC/GRUPO 5/CHASE-FUGITIVE/Fase 1 TCC
F:/3A-JOGOS/Grupos_TCC/GRUPO 5/CHASE-FUGITIVE/Fase 1 TCC
[UnityMemory] Configuration Parameters - Can be set up in boot.config
    "memorysetup-bucket-allocator-granularity=16"
    "memorysetup-bucket-allocator-bucket-count=8"
    "memorysetup-bucket-allocator-block-size=33554432"
    "memorysetup-bucket-allocator-block-count=8"
    "memorysetup-main-allocator-block-size=16777216"
    "memorysetup-thread-allocator-block-size=16777216"
    "memorysetup-gfx-main-allocator-block-size=16777216"
    "memorysetup-gfx-thread-allocator-block-size=16777216"
    "memorysetup-cache-allocator-block-size=4194304"
    "memorysetup-typetree-allocator-block-size=2097152"
    "memorysetup-profiler-bucket-allocator-granularity=16"
    "memorysetup-profiler-bucket-allocator-bucket-count=8"
    "memorysetup-profiler-bucket-allocator-block-size=33554432"
    "memorysetup-profiler-bucket-allocator-block-count=8"
    "memorysetup-profiler-allocator-block-size=16777216"
    "memorysetup-profiler-editor-allocator-block-size=1048576"
    "memorysetup-temp-allocator-size-main=16777216"
    "memorysetup-job-temp-allocator-block-size=2097152"
    "memorysetup-job-temp-allocator-block-size-background=1048576"
    "memorysetup-job-temp-allocator-reduction-small-platforms=262144"
    "memorysetup-allocator-temp-initial-block-size-main=262144"
    "memorysetup-allocator-temp-initial-block-size-worker=262144"
    "memorysetup-temp-allocator-size-background-worker=32768"
    "memorysetup-temp-allocator-size-job-worker=262144"
    "memorysetup-temp-allocator-size-preload-manager=33554432"
    "memorysetup-temp-allocator-size-nav-mesh-worker=65536"
    "memorysetup-temp-allocator-size-audio-worker=65536"
    "memorysetup-temp-allocator-size-cloud-worker=32768"
    "memorysetup-temp-allocator-size-gi-baking-worker=262144"
    "memorysetup-temp-allocator-size-gi-baking-worker=262144"
    "memorysetup-temp-allocator-size-gi-baking-worker=262144"
    "memorysetup-temp-allocator-size-gi-baking-worker=262144"
    "memorysetup-temp-allocator-size-gfx=262144"
Player connection [17076] Host "[IP] 192.168.1.96 [Port] 0 [Flags] 2 [Guid] 3991820314 [EditorId] 3991820314 [Version] 1048832 [Id] WindowsEditor(7,PCLAB3-M16) [Debug] 1 [PackageName] WindowsEditor [ProjectName] Editor" joined multi-casting on [225.0.0.222:54997]...
Player connection [17076] Host "[IP] 192.168.1.96 [Port] 0 [Flags] 2 [Guid] 3991820314 [EditorId] 3991820314 [Version] 1048832 [Id] WindowsEditor(7,PCLAB3-M16) [Debug] 1 [PackageName] WindowsEditor [ProjectName] Editor" joined alternative multi-casting on [225.0.0.222:34997]...
JobSystem: Creating JobQueue using job-worker-count value 5
[Physics::Module] Initialized MultithreadedJobDispatcher with 5 workers.
Library Redirect Path: Library/
Refreshing native plugins compatible for Editor in 177.52 ms, found 3 plugins.
Preloading 0 native plugins for Editor in 0.00 ms.
Initialize engine version: 2023.2.11f1 (6a1e21c61430)
[Subsystems] Discovering subsystems at path C:/Program Files/Unity/Hub/Editor/2023.2.11f1/Editor/Data/Resources/UnitySubsystems
[Subsystems] Discovering subsystems at path F:/3A-JOGOS/Grupos_TCC/GRUPO 5/CHASE-FUGITIVE/Fase 1 TCC/Assets
GfxDevice: creating device client; kGfxThreadingModeNonThreaded
Direct3D:
    Version:  Direct3D 11.0 [level 11.1]
    Renderer: AMD Radeon(TM) Graphics (ID=0x1636)
    Vendor:   ATI
    VRAM:     7870 MB
    Driver:   27.20.1022.1007
Initialize mono
Mono path[0] = 'C:/Program Files/Unity/Hub/Editor/2023.2.11f1/Editor/Data/Managed'
Mono path[1] = 'C:/Program Files/Unity/Hub/Editor/2023.2.11f1/Editor/Data/MonoBleedingEdge/lib/mono/unityjit-win32'
Mono config path = 'C:/Program Files/Unity/Hub/Editor/2023.2.11f1/Editor/Data/MonoBleedingEdge/etc'
Using monoOptions --debugger-agent=transport=dt_socket,embedding=1,server=y,suspend=n,address=127.0.0.1:56544
Begin MonoManager ReloadAssembly
C:\build\output\Unity-Technologies\mono\mono\metadata\icall.c:1842:
C:\build\output\Unity-Technologies\mono\mono\metadata\icall.c:1842:
C:\build\output\Unity-Technologies\mono\mono\metadata\icall.c:1842:
C:\build\output\Unity-Technologies\mono\mono\metadata\icall.c:1842:
C:\build\output\Unity-Technologies\mono\mono\metadata\icall.c:1842:
C:\build\output\Unity-Technologies\mono\mono\metadata\icall.c:1842:
C:\build\output\Unity-Technologies\mono\mono\metadata\icall.c:1842:
C:\build\output\Unity-Technologies\mono\mono\metadata\icall.c:1842:
C:\build\output\Unity-Technologies\mono\mono\metadata\icall.c:1842:
C:\build\output\Unity-Technologies\mono\mono\metadata\icall.c:1842:
Registering precompiled unity dll's ...
Register platform support module: C:/Program Files/Unity/Hub/Editor/2023.2.11f1/Editor/Data/PlaybackEngines/WindowsStandaloneSupport/UnityEditor.WindowsStandalone.Extensions.dll
Registered in 0.013439 seconds.
- Loaded All Assemblies, in  0.442 seconds
Native extension for WindowsStandalone target not found
Mono: successfully reloaded assembly
C:\build\output\Unity-Technologies\mono\mono\metadata\icall.c:1842:
C:\build\output\Unity-Technologies\mono\mono\metadata\icall.c:1842:
- Finished resetting the current domain, in  0.405 seconds
Domain Reload Profiling: 845ms
	BeginReloadAssembly (143ms)
		ExecutionOrderSort (0ms)
		DisableScriptedObjects (0ms)
		BackupInstance (0ms)
		ReleaseScriptingObjects (0ms)
		CreateAndSetChildDomain (1ms)
	RebuildCommonClasses (39ms)
	RebuildNativeTypeToScriptingClass (17ms)
	initialDomainReloadingComplete (68ms)
	LoadAllAssembliesAndSetupDomain (172ms)
		LoadAssemblies (139ms)
		RebuildTransferFunctionScriptingTraits (0ms)
		AnalyzeDomain (170ms)
			TypeCache.Refresh (168ms)
				TypeCache.ScanAssembly (155ms)
			BuildScriptInfoCaches (0ms)
			ResolveRequiredComponents (1ms)
	FinalizeReload (405ms)
		ReleaseScriptCaches (0ms)
		RebuildScriptCaches (0ms)
		SetupLoadedEditorAssemblies (348ms)
			LogAssemblyErrors (0ms)
			InitializePlatformSupportModulesInManaged (11ms)
			SetLoadedEditorAssemblies (6ms)
			BeforeProcessingInitializeOnLoad (9ms)
			ProcessInitializeOnLoadAttributes (250ms)
			ProcessInitializeOnLoadMethodAttributes (72ms)
			AfterProcessingInitializeOnLoad (0ms)
			EditorAssembliesLoaded (0ms)
		ExecutionOrderSort2 (0ms)
		AwakeInstancesAfterBackupRestoration (0ms)
========================================================================
Worker process is ready to serve import requests
Import Worker Mode flag is 0x00
Begin MonoManager ReloadAssembly
C:\build\output\Unity-Technologies\mono\mono\metadata\icall.c:1842:
C:\build\output\Unity-Technologies\mono\mono\metadata\icall.c:1842:
C:\build\output\Unity-Technologies\mono\mono\metadata\icall.c:1842:
C:\build\output\Unity-Technologies\mono\mono\metadata\icall.c:1842:
C:\build\output\Unity-Technologies\mono\mono\metadata\icall.c:1842:
C:\build\output\Unity-Technologies\mono\mono\metadata\icall.c:1842:
C:\build\output\Unity-Technologies\mono\mono\metadata\icall.c:1842:
C:\build\output\Unity-Technologies\mono\mono\metadata\icall.c:1842:
C:\build\output\Unity-Technologies\mono\mono\metadata\icall.c:1842:
C:\build\output\Unity-Technologies\mono\mono\metadata\icall.c:1842:
C:\build\output\Unity-Technologies\mono\mono\metadata\icall.c:1842:
C:\build\output\Unity-Technologies\mono\mono\metadata\icall.c:1842:
Symbol file LoadedFromMemory doesn't match image F:\3A-JOGOS\Grupos_TCC\GRUPO 5\CHASE-FUGITIVE\Fase 1 TCC\Library\PackageCache\com.unity.visualscripting@1.8.0\Editor\VisualScripting.Core\Dependencies\YamlDotNet\Unity.VisualScripting.YamlDotNet.dll
Symbol file LoadedFromMemory doesn't match image F:\3A-JOGOS\Grupos_TCC\GRUPO 5\CHASE-FUGITIVE\Fase 1 TCC\Library\PackageCache\com.unity.visualscripting@1.8.0\Editor\VisualScripting.Core\Dependencies\DotNetZip\Unity.VisualScripting.IonicZip.dll
- Loaded All Assemblies, in 12.687 seconds
Refreshing native plugins compatible for Editor in 25.10 ms, found 3 plugins.
Native extension for WindowsStandalone target not found
Mono: successfully reloaded assembly
- Finished resetting the current domain, in  1.320 seconds
Domain Reload Profiling: 13988ms
	BeginReloadAssembly (408ms)
		ExecutionOrderSort (0ms)
		DisableScriptedObjects (6ms)
		BackupInstance (0ms)
		ReleaseScriptingObjects (0ms)
		CreateAndSetChildDomain (35ms)
	RebuildCommonClasses (42ms)
	RebuildNativeTypeToScriptingClass (14ms)
	initialDomainReloadingComplete (45ms)
	LoadAllAssembliesAndSetupDomain (12159ms)
		LoadAssemblies (12068ms)
		RebuildTransferFunctionScriptingTraits (0ms)
		AnalyzeDomain (197ms)
			TypeCache.Refresh (160ms)
				TypeCache.ScanAssembly (146ms)
			BuildScriptInfoCaches (20ms)
			ResolveRequiredComponents (15ms)
	FinalizeReload (1320ms)
		ReleaseScriptCaches (0ms)
		RebuildScriptCaches (0ms)
		SetupLoadedEditorAssemblies (877ms)
			LogAssemblyErrors (0ms)
			InitializePlatformSupportModulesInManaged (3ms)
			SetLoadedEditorAssemblies (5ms)
			BeforeProcessingInitializeOnLoad (68ms)
			ProcessInitializeOnLoadAttributes (773ms)
			ProcessInitializeOnLoadMethodAttributes (23ms)
			AfterProcessingInitializeOnLoad (6ms)
			EditorAssembliesLoaded (0ms)
		ExecutionOrderSort2 (0ms)
		AwakeInstancesAfterBackupRestoration (8ms)
Launched and connected shader compiler UnityShaderCompiler.exe after 0.01 seconds
Refreshing native plugins compatible for Editor in 8.45 ms, found 3 plugins.
Preloading 0 native plugins for Editor in 0.00 ms.
Unloading 70 Unused Serialized files (Serialized files now loaded: 0)
Unloading 3322 unused Assets / (3.2 MB). Loaded Objects now: 3920.
Memory consumption went from 139.0 MB to 135.9 MB.
Total: 7.387200 ms (FindLiveObjects: 0.576200 ms CreateObjectMapping: 0.450300 ms MarkObjects: 4.393900 ms  DeleteObjects: 1.965000 ms)

========================================================================
Received Import Request.
  Time since last request: 338583.450150 seconds.
  path: Assets/Scenes
  artifactKey: Guid(61c778c908221e64186b01b85cb047c7) Importer(815301076,1909f56bfc062723c751e8b465ee728b)
Start importing Assets/Scenes using Guid(61c778c908221e64186b01b85cb047c7) Importer(815301076,1909f56bfc062723c751e8b465ee728b) (PreviewImporter) -> (artifact id: '7b36ca32fab908db1a4192667fc84451') in 0.0052323 seconds
Number of updated asset objects reloaded before import = 0Number of asset objects unloaded after import = 0

========================================================================
Received Import Request.
  Time since last request: 1.978186 seconds.
  path: Assets/Scenes/FASE2.unity
  artifactKey: Guid(34ac7109b269e8045b24780d065dc134) Importer(815301076,1909f56bfc062723c751e8b465ee728b)
Start importing Assets/Scenes/FASE2.unity using Guid(34ac7109b269e8045b24780d065dc134) Importer(815301076,1909f56bfc062723c751e8b465ee728b) (PreviewImporter) -> (artifact id: '080bb29e03cbc0a07706cc3fcee9964c') in 0.001623 seconds
Number of updated asset objects reloaded before import = 0Number of asset objects unloaded after import = 0

========================================================================
Received Import Request.
  Time since last request: 8.920830 seconds.
  path: Assets/Scenes/FASE1.unity
  artifactKey: Guid(9fc0d4010bbf28b4594072e72b8655ab) Importer(815301076,1909f56bfc062723c751e8b465ee728b)
Start importing Assets/Scenes/FASE1.unity using Guid(9fc0d4010bbf28b4594072e72b8655ab) Importer(815301076,1909f56bfc062723c751e8b465ee728b) (PreviewImporter) -> (artifact id: '79e78e10d0f11fdba68a30b6be493bc0') in 0.002312 seconds
Number of updated asset objects reloaded before import = 0Number of asset objects unloaded after import = 0

========================================================================
Received Import Request.
  Time since last request: 84.666014 seconds.
  path: Assets/Materiais/6749760-xadrez-xadrez-tecido-textura-textura-xadrez-xadrez-abstrato-fundo-papel-de-parede-padrao-ilustracao-sem-costura-vetor.jpg
  artifactKey: Guid(260a7532a1131d244862f962d497316d) Importer(815301076,1909f56bfc062723c751e8b465ee728b)
Start importing Assets/Materiais/6749760-xadrez-xadrez-tecido-textura-textura-xadrez-xadrez-abstrato-fundo-papel-de-parede-padrao-ilustracao-sem-costura-vetor.jpg using Guid(260a7532a1131d244862f962d497316d) Importer(815301076,1909f56bfc062723c751e8b465ee728b) (PreviewImporter) -> (artifact id: '8781d003b6fe37e77583f3b55ade6a81') in 0.2268916 seconds
Number of updated asset objects reloaded before import = 0Number of asset objects unloaded after import = 2

========================================================================
Received Import Request.
  Time since last request: 0.000032 seconds.
  path: Assets/Materiais/New Material 5.mat
  artifactKey: Guid(20db9ca474956104f888f1f89d70bdcc) Importer(815301076,1909f56bfc062723c751e8b465ee728b)
Start importing Assets/Materiais/New Material 5.mat using Guid(20db9ca474956104f888f1f89d70bdcc) Importer(815301076,1909f56bfc062723c751e8b465ee728b) (PreviewImporter) -> (artifact id: 'b81e07a47d2cd3ffae92305ac145d3e1') in 0.0902044 seconds
Number of updated asset objects reloaded before import = 0Number of asset objects unloaded after import = 1

========================================================================
Received Import Request.
  Time since last request: 0.000046 seconds.
  path: Assets/Materiais/matt2.mat
  artifactKey: Guid(484a0d0f70ce74e4b9996d598c79a57b) Importer(815301076,1909f56bfc062723c751e8b465ee728b)
Start importing Assets/Materiais/matt2.mat using Guid(484a0d0f70ce74e4b9996d598c79a57b) Importer(815301076,1909f56bfc062723c751e8b465ee728b) (PreviewImporter) -> (artifact id: 'ebb8e68fabe79c139fc8cd032d7527d7') in 0.1116079 seconds
Number of updated asset objects reloaded before import = 0Number of asset objects unloaded after import = 1

========================================================================
Received Import Request.
  Time since last request: 0.000028 seconds.
  path: Assets/Materiais/New Material.mat
  artifactKey: Guid(41948bf71308a3a46bd9d146ad2912c4) Importer(815301076,1909f56bfc062723c751e8b465ee728b)
Start importing Assets/Materiais/New Material.mat using Guid(41948bf71308a3a46bd9d146ad2912c4) Importer(815301076,1909f56bfc062723c751e8b465ee728b) (PreviewImporter) -> (artifact id: '02bb59002ba441474e30229e6302d57d') in 0.0609819 seconds
Number of updated asset objects reloaded before import = 0Number of asset objects unloaded after import = 1

========================================================================
Received Import Request.
  Time since last request: 0.000018 seconds.
  path: Assets/Materiais/matt4.mat
  artifactKey: Guid(1094762fdeff1464b9d7633a21423482) Importer(815301076,1909f56bfc062723c751e8b465ee728b)
Start importing Assets/Materiais/matt4.mat using Guid(1094762fdeff1464b9d7633a21423482) Importer(815301076,1909f56bfc062723c751e8b465ee728b) (PreviewImporter) -> (artifact id: 'a3b1a96d5f118e1de55eda51f118bd0e') in 0.0417699 seconds
Number of updated asset objects reloaded before import = 0Number of asset objects unloaded after import = 1

========================================================================
Received Import Request.
  Time since last request: 0.000021 seconds.
  path: Assets/Materiais/New Material 3.mat
  artifactKey: Guid(980938b58ab478047bb7c39b133f3766) Importer(815301076,1909f56bfc062723c751e8b465ee728b)
Start importing Assets/Materiais/New Material 3.mat using Guid(980938b58ab478047bb7c39b133f3766) Importer(815301076,1909f56bfc062723c751e8b465ee728b) (PreviewImporter) -> (artifact id: 'adaefed12ea266d7b910a469dd01578d') in 0.0395672 seconds
Number of updated asset objects reloaded before import = 0Number of asset objects unloaded after import = 1

========================================================================
Received Import Request.
  Time since last request: 0.000047 seconds.
  path: Assets/Materiais/piso.mat
  artifactKey: Guid(1c1d5834837d07441afcd8d7c4aca39c) Importer(815301076,1909f56bfc062723c751e8b465ee728b)
Start importing Assets/Materiais/piso.mat using Guid(1c1d5834837d07441afcd8d7c4aca39c) Importer(815301076,1909f56bfc062723c751e8b465ee728b) (PreviewImporter) -> (artifact id: '1484a3cf601ad3d09b9f90c56927964e') in 0.0480056 seconds
Number of updated asset objects reloaded before import = 0Number of asset objects unloaded after import = 2

========================================================================
Received Import Request.
  Time since last request: 11.776155 seconds.
  path: Assets/Modelagens/bandido2@Body Block (1).fbx
  artifactKey: Guid(200fcec3014fe454884377aaaab1964b) Importer(815301076,1909f56bfc062723c751e8b465ee728b)
Start importing Assets/Modelagens/bandido2@Body Block (1).fbx using Guid(200fcec3014fe454884377aaaab1964b) Importer(815301076,1909f56bfc062723c751e8b465ee728b) (PreviewImporter) -> (artifact id: '75999d748fe7a42084fbbfccc13cfab5') in 2.9760611 seconds
Number of updated asset objects reloaded before import = 0Number of asset objects unloaded after import = 182

========================================================================
Received Import Request.
  Time since last request: 0.000029 seconds.
  path: Assets/Modelagens/chave (1).fbx
  artifactKey: Guid(dfac14c31e8e7de4db1e5e397f07826f) Importer(815301076,1909f56bfc062723c751e8b465ee728b)
Start importing Assets/Modelagens/chave (1).fbx using Guid(dfac14c31e8e7de4db1e5e397f07826f) Importer(815301076,1909f56bfc062723c751e8b465ee728b) (PreviewImporter) -> (artifact id: 'c9afd366620f8f8ebbca023e5b8b02cd') in 0.0882777 seconds
Number of updated asset objects reloaded before import = 0Number of asset objects unloaded after import = 7

========================================================================
Received Import Request.
  Time since last request: 0.000034 seconds.
  path: Assets/Modelagens/bandido@Running (1).fbx
  artifactKey: Guid(ab03c0170e500d645a4ea5826d2d0fb8) Importer(815301076,1909f56bfc062723c751e8b465ee728b)
Start importing Assets/Modelagens/bandido@Running (1).fbx using Guid(ab03c0170e500d645a4ea5826d2d0fb8) Importer(815301076,1909f56bfc062723c751e8b465ee728b) (PreviewImporter) -> (artifact id: 'ecfd9b7fde4d61a9136b882b93a0c821') in 1.5010238 seconds
Number of updated asset objects reloaded before import = 0Number of asset objects unloaded after import = 187

========================================================================
Received Import Request.
  Time since last request: 0.000024 seconds.
  path: Assets/Modelagens/Winged Victory.FBX
  artifactKey: Guid(6c0230f0c9f3f564e815236153436fea) Importer(815301076,1909f56bfc062723c751e8b465ee728b)
Start importing Assets/Modelagens/Winged Victory.FBX using Guid(6c0230f0c9f3f564e815236153436fea) Importer(815301076,1909f56bfc062723c751e8b465ee728b) (PreviewImporter) -> (artifact id: '26c7d6a55d42bee9ab31f101ddc3b824') in 1.380444 seconds
Number of updated asset objects reloaded before import = 0Number of asset objects unloaded after import = 8

========================================================================
Received Import Request.
  Time since last request: 0.000030 seconds.
  path: Assets/Modelagens/footer.obj
  artifactKey: Guid(a8baa9f42bd0873489bdc9d3859b5334) Importer(815301076,1909f56bfc062723c751e8b465ee728b)
Start importing Assets/Modelagens/footer.obj using Guid(a8baa9f42bd0873489bdc9d3859b5334) Importer(815301076,1909f56bfc062723c751e8b465ee728b) (PreviewImporter) -> (artifact id: '92d61e50bb2b84c820306838592ef992') in 0.0710448 seconds
Number of updated asset objects reloaded before import = 0Number of asset objects unloaded after import = 10

========================================================================
Received Import Request.
  Time since last request: 0.000021 seconds.
  path: Assets/Modelagens/uploads_files_5259055_Beaded_Baseboard.fbx
  artifactKey: Guid(717625b4a08c5f2419bfd58837742c1e) Importer(815301076,1909f56bfc062723c751e8b465ee728b)
Start importing Assets/Modelagens/uploads_files_5259055_Beaded_Baseboard.fbx using Guid(717625b4a08c5f2419bfd58837742c1e) Importer(815301076,1909f56bfc062723c751e8b465ee728b) (PreviewImporter) -> (artifact id: '132069e8c6d71fc5b29c2a87702dd9ad') in 0.0413057 seconds
Number of updated asset objects reloaded before import = 0Number of asset objects unloaded after import = 7

========================================================================
Received Import Request.
  Time since last request: 0.000028 seconds.
  path: Assets/Modelagens/npc1@Waving.fbx
  artifactKey: Guid(d74934b5dce82c74cb1d4c0980c310e7) Importer(815301076,1909f56bfc062723c751e8b465ee728b)
Start importing Assets/Modelagens/npc1@Waving.fbx using Guid(d74934b5dce82c74cb1d4c0980c310e7) Importer(815301076,1909f56bfc062723c751e8b465ee728b) (PreviewImporter) -> (artifact id: '41fe04130a3635cc72071c07179d9246') in 2.8327467 seconds
Number of updated asset objects reloaded before import = 0Number of asset objects unloaded after import = 187

========================================================================
Received Import Request.
  Time since last request: 0.000022 seconds.
  path: Assets/Modelagens/bandido4@Body Block.fbx
  artifactKey: Guid(1df250e368f2ab54f9bcb352eb278caa) Importer(815301076,1909f56bfc062723c751e8b465ee728b)
Start importing Assets/Modelagens/bandido4@Body Block.fbx using Guid(1df250e368f2ab54f9bcb352eb278caa) Importer(815301076,1909f56bfc062723c751e8b465ee728b) (PreviewImporter) -> (artifact id: 'ca6735a499843db3180a7f3b716a41e8') in 1.2156145 seconds
Number of updated asset objects reloaded before import = 0Number of asset objects unloaded after import = 213

========================================================================
Received Import Request.
  Time since last request: 0.000027 seconds.
  path: Assets/Modelagens/SALAS/barco1.fbx
  artifactKey: Guid(8c7c839ce6e2c8543afc42edfa3f9ded) Importer(815301076,1909f56bfc062723c751e8b465ee728b)
Start importing Assets/Modelagens/SALAS/barco1.fbx using Guid(8c7c839ce6e2c8543afc42edfa3f9ded) Importer(815301076,1909f56bfc062723c751e8b465ee728b) (PreviewImporter) -> (artifact id: '8f345d399671c5065206ce0d03abdfee') in 0.292379 seconds
Number of updated asset objects reloaded before import = 0Number of asset objects unloaded after import = 71

========================================================================
Received Import Request.
  Time since last request: 0.000047 seconds.
  path: Assets/Modelagens/SALAS/anel de saturno.png
  artifactKey: Guid(6240dc2754afdf244aad1d3502a0fa83) Importer(815301076,1909f56bfc062723c751e8b465ee728b)
Start importing Assets/Modelagens/SALAS/anel de saturno.png using Guid(6240dc2754afdf244aad1d3502a0fa83) Importer(815301076,1909f56bfc062723c751e8b465ee728b) (PreviewImporter) -> (artifact id: '7aec9229fbaa54fa0bb723036df46ce9') in 0.4488435 seconds
Number of updated asset objects reloaded before import = 0Number of asset objects unloaded after import = 2

========================================================================
Received Import Request.
  Time since last request: 0.000029 seconds.
  path: Assets/Modelagens/SALAS/escudo2 1.png
  artifactKey: Guid(a824cff85fd0fd74b83718afe45435b7) Importer(815301076,1909f56bfc062723c751e8b465ee728b)
Start importing Assets/Modelagens/SALAS/escudo2 1.png using Guid(a824cff85fd0fd74b83718afe45435b7) Importer(815301076,1909f56bfc062723c751e8b465ee728b) (PreviewImporter) -> (artifact id: '8e08c57ba13db609109166c2d6b60924') in 1.4635916 seconds
Number of updated asset objects reloaded before import = 0Number of asset objects unloaded after import = 2

========================================================================
Received Import Request.
  Time since last request: 0.000033 seconds.
  path: Assets/Modelagens/uploads_files_72531_Winged_Victory.obj
  artifactKey: Guid(5131b64e97b115f45961f50cfdc6e6ef) Importer(815301076,1909f56bfc062723c751e8b465ee728b)
Start importing Assets/Modelagens/uploads_files_72531_Winged_Victory.obj using Guid(5131b64e97b115f45961f50cfdc6e6ef) Importer(815301076,1909f56bfc062723c751e8b465ee728b) (PreviewImporter) -> (artifact id: 'e956f3a313d1b1bcd3f2a12fabf700ff') in 3.108308 seconds
Number of updated asset objects reloaded before import = 0Number of asset objects unloaded after import = 10

========================================================================
Received Import Request.
  Time since last request: 0.000025 seconds.
  path: Assets/Modelagens/SALAS/terra.jpg
  artifactKey: Guid(648d704e94bd4f941b38ce4f0910859b) Importer(815301076,1909f56bfc062723c751e8b465ee728b)
Start importing Assets/Modelagens/SALAS/terra.jpg using Guid(648d704e94bd4f941b38ce4f0910859b) Importer(815301076,1909f56bfc062723c751e8b465ee728b) (PreviewImporter) -> (artifact id: 'f0643a2a9384365c57358169da4c55bf') in 0.3645269 seconds
Number of updated asset objects reloaded before import = 0Number of asset objects unloaded after import = 2

========================================================================
Received Import Request.
  Time since last request: 0.000021 seconds.
  path: Assets/Modelagens/SALAS/venus.jpg
  artifactKey: Guid(111153e5a1e8e8e4ea94d89438c81dbc) Importer(815301076,1909f56bfc062723c751e8b465ee728b)
Start importing Assets/Modelagens/SALAS/venus.jpg using Guid(111153e5a1e8e8e4ea94d89438c81dbc) Importer(815301076,1909f56bfc062723c751e8b465ee728b) (PreviewImporter) -> (artifact id: '084174e7465a078b5c9148f659542112') in 0.0653164 seconds
Number of updated asset objects reloaded before import = 0Number of asset objects unloaded after import = 2

========================================================================
Received Import Request.
  Time since last request: 0.000025 seconds.
  path: Assets/Modelagens/SALAS/planetárioPRONTO.fbx
  artifactKey: Guid(e34c0d458975fe643baf338fc558939d) Importer(815301076,1909f56bfc062723c751e8b465ee728b)
Start importing Assets/Modelagens/SALAS/planetárioPRONTO.fbx using Guid(e34c0d458975fe643baf338fc558939d) Importer(815301076,1909f56bfc062723c751e8b465ee728b) (PreviewImporter) -> (artifact id: 'dcacb8f7a769ce15d34cef3d1235d0f6') in 0.9781821 seconds
Number of updated asset objects reloaded before import = 0Number of asset objects unloaded after import = 100

========================================================================
Received Import Request.
  Time since last request: 0.000025 seconds.
  path: Assets/Modelagens/SALAS/agua2.jpg
  artifactKey: Guid(c23628c4e58ab7f4584fd15ef3e13d1b) Importer(815301076,1909f56bfc062723c751e8b465ee728b)
Start importing Assets/Modelagens/SALAS/agua2.jpg using Guid(c23628c4e58ab7f4584fd15ef3e13d1b) Importer(815301076,1909f56bfc062723c751e8b465ee728b) (PreviewImporter) -> (artifact id: 'f22f41a88977639f474e3f1c6ed8cb8d') in 0.1572414 seconds
Number of updated asset objects reloaded before import = 0Number of asset objects unloaded after import = 2

========================================================================
Received Import Request.
  Time since last request: 0.000029 seconds.
  path: Assets/Modelagens/SALAS/urano.jpg
  artifactKey: Guid(0cbb3db2c73e83440a7cbed8c5e5114e) Importer(815301076,1909f56bfc062723c751e8b465ee728b)
Start importing Assets/Modelagens/SALAS/urano.jpg using Guid(0cbb3db2c73e83440a7cbed8c5e5114e) Importer(815301076,1909f56bfc062723c751e8b465ee728b) (PreviewImporter) -> (artifact id: 'ce076b073950e4e85d254927bcbce927') in 0.0692695 seconds
Number of updated asset objects reloaded before import = 0Number of asset objects unloaded after import = 2

========================================================================
Received Import Request.
  Time since last request: 0.171925 seconds.
  path: Assets/Modelagens/SALAS/escudo.fbx
  artifactKey: Guid(1b20b2cc96ce596409614f4b0af8067e) Importer(815301076,1909f56bfc062723c751e8b465ee728b)
Start importing Assets/Modelagens/SALAS/escudo.fbx using Guid(1b20b2cc96ce596409614f4b0af8067e) Importer(815301076,1909f56bfc062723c751e8b465ee728b) (PreviewImporter) -> (artifact id: '0aaee7719d85c66d613bc0230899b184') in 0.0796958 seconds
Number of updated asset objects reloaded before import = 0Number of asset objects unloaded after import = 16

========================================================================
Received Import Request.
  Time since last request: 0.000018 seconds.
  path: Assets/Modelagens/SALAS/salamedieval.fbx
  artifactKey: Guid(1ddef776123df894083afcd94e45728c) Importer(815301076,1909f56bfc062723c751e8b465ee728b)
Start importing Assets/Modelagens/SALAS/salamedieval.fbx using Guid(1ddef776123df894083afcd94e45728c) Importer(815301076,1909f56bfc062723c751e8b465ee728b) (PreviewImporter) -> (artifact id: 'c89b7c5681e60a713f3fd82be12a79a6') in 0.1485507 seconds
Number of updated asset objects reloaded before import = 0Number of asset objects unloaded after import = 37

========================================================================
Received Import Request.
  Time since last request: 20.458863 seconds.
  path: Assets/New Solution Studio/PBR Lamps Pack/Classic fluorescent lamp/Maps (Specular) [Unity]/Classic_fluorescent_lamp_normal.png
  artifactKey: Guid(c7086b8a69469434b89ba3ceed5ca4bd) Importer(815301076,1909f56bfc062723c751e8b465ee728b)
Start importing Assets/New Solution Studio/PBR Lamps Pack/Classic fluorescent lamp/Maps (Specular) [Unity]/Classic_fluorescent_lamp_normal.png using Guid(c7086b8a69469434b89ba3ceed5ca4bd) Importer(815301076,1909f56bfc062723c751e8b465ee728b) (PreviewImporter) -> (artifact id: '3ecf6d41eded39a2b82fb60943638fd3') in 1.0202097 seconds
Number of updated asset objects reloaded before import = 0Number of asset objects unloaded after import = 2

========================================================================
Received Import Request.
  Time since last request: 0.000030 seconds.
  path: Assets/imagens/Design sem nome (1).png
  artifactKey: Guid(fbd6a5cbc4990fd458506633011a9853) Importer(815301076,1909f56bfc062723c751e8b465ee728b)
Start importing Assets/imagens/Design sem nome (1).png using Guid(fbd6a5cbc4990fd458506633011a9853) Importer(815301076,1909f56bfc062723c751e8b465ee728b) (PreviewImporter) -> (artifact id: '392856b93dce50da784a45bd23d0341b') in 1.1010363 seconds
Number of updated asset objects reloaded before import = 0Number of asset objects unloaded after import = 3

========================================================================
Received Import Request.
  Time since last request: 0.000026 seconds.
  path: Assets/imagens/dica.png
  artifactKey: Guid(bc68c75945e5d01468d1ddc842a712c9) Importer(815301076,1909f56bfc062723c751e8b465ee728b)
Start importing Assets/imagens/dica.png using Guid(bc68c75945e5d01468d1ddc842a712c9) Importer(815301076,1909f56bfc062723c751e8b465ee728b) (PreviewImporter) -> (artifact id: 'f5bf1e663842146586e3688c11558312') in 0.0387443 seconds
Number of updated asset objects reloaded before import = 0Number of asset objects unloaded after import = 2

========================================================================
Received Import Request.
  Time since last request: 0.000020 seconds.
  path: Assets/imagens/Design sem nome (1) 1.png
  artifactKey: Guid(1da62f3aa60dc4343acb180df73a2ea5) Importer(815301076,1909f56bfc062723c751e8b465ee728b)
Start importing Assets/imagens/Design sem nome (1) 1.png using Guid(1da62f3aa60dc4343acb180df73a2ea5) Importer(815301076,1909f56bfc062723c751e8b465ee728b) (PreviewImporter) -> (artifact id: 'b0532af6a2eb597350791b867680a76d') in 0.4115074 seconds
Number of updated asset objects reloaded before import = 0Number of asset objects unloaded after import = 3

========================================================================
Received Import Request.
  Time since last request: 25.827073 seconds.
  path: Assets/Modelagens/SALAS/New Material 1.mat
  artifactKey: Guid(a4618e7f4bd9c0142a667997c1fb318b) Importer(815301076,1909f56bfc062723c751e8b465ee728b)
Start importing Assets/Modelagens/SALAS/New Material 1.mat using Guid(a4618e7f4bd9c0142a667997c1fb318b) Importer(815301076,1909f56bfc062723c751e8b465ee728b) (PreviewImporter) -> (artifact id: 'f4532430c37b7f43fd2f16ad7424e77b') in 0.039062 seconds
Number of updated asset objects reloaded before import = 0Number of asset objects unloaded after import = 1

========================================================================
Received Import Request.
  Time since last request: 266.251968 seconds.
  path: Assets/Modelagens/SALAS/Materials
  artifactKey: Guid(16324ab66e8893e4790cac19dba05ea2) Importer(815301076,1909f56bfc062723c751e8b465ee728b)
Start importing Assets/Modelagens/SALAS/Materials using Guid(16324ab66e8893e4790cac19dba05ea2) Importer(815301076,1909f56bfc062723c751e8b465ee728b) (PreviewImporter) -> (artifact id: '65c21c20c7a8fdb3a19884d0561a852f') in 0.001466 seconds
Number of updated asset objects reloaded before import = 0Number of asset objects unloaded after import = 0

========================================================================
Received Import Request.
  Time since last request: 787.803090 seconds.
  path: Assets/Modelagens/SALAS/abstrato.fbx
  artifactKey: Guid(d9e0a695227d97844841b81d21959a30) Importer(815301076,1909f56bfc062723c751e8b465ee728b)
Start importing Assets/Modelagens/SALAS/abstrato.fbx using Guid(d9e0a695227d97844841b81d21959a30) Importer(815301076,1909f56bfc062723c751e8b465ee728b) (PreviewImporter) -> (artifact id: '4295bd0b20135ff52fcd44abd146dd63') in 0.8318693 seconds
Number of updated asset objects reloaded before import = 0Number of asset objects unloaded after import = 7

========================================================================
Received Import Request.
  Time since last request: 2156.307886 seconds.
  path: Assets/Modelagens/SALAS/sala viking
  artifactKey: Guid(61ecee42c381df544a6886380383d79e) Importer(815301076,1909f56bfc062723c751e8b465ee728b)
Start importing Assets/Modelagens/SALAS/sala viking using Guid(61ecee42c381df544a6886380383d79e) Importer(815301076,1909f56bfc062723c751e8b465ee728b) (PreviewImporter) -> (artifact id: 'fbb409b6304da6b127f3a3df3b924869') in 0.0015238 seconds
Number of updated asset objects reloaded before import = 0Number of asset objects unloaded after import = 0

========================================================================
Received Import Request.
  Time since last request: 1.522695 seconds.
  path: Assets/Modelagens/SALAS/sala viking/sala viking
  artifactKey: Guid(a14510ad447296646b91dced94af8e1d) Importer(815301076,1909f56bfc062723c751e8b465ee728b)
Start importing Assets/Modelagens/SALAS/sala viking/sala viking using Guid(a14510ad447296646b91dced94af8e1d) Importer(815301076,1909f56bfc062723c751e8b465ee728b) (PreviewImporter) -> (artifact id: 'b25d24236c8e0c56ee0cc9e591a2335d') in 0.0014642 seconds
Number of updated asset objects reloaded before import = 0Number of asset objects unloaded after import = 0

========================================================================
Received Import Request.
  Time since last request: 0.295185 seconds.
  path: Assets/Modelagens/SALAS/sala viking/sala viking/barco.blend
  artifactKey: Guid(e7f8a59d4e63da045b344e25eb190564) Importer(815301076,1909f56bfc062723c751e8b465ee728b)
Start importing Assets/Modelagens/SALAS/sala viking/sala viking/barco.blend using Guid(e7f8a59d4e63da045b344e25eb190564) Importer(815301076,1909f56bfc062723c751e8b465ee728b) (PreviewImporter) -> (artifact id: '052c169ff91ded4e8adb687152949442') in 0.2624766 seconds
Number of updated asset objects reloaded before import = 0Number of asset objects unloaded after import = 71

========================================================================
Received Import Request.
  Time since last request: 0.000025 seconds.
  path: Assets/Modelagens/SALAS/sala viking/sala viking/escudo2.png
  artifactKey: Guid(6cc84db410498c74a9cc15899f1b778b) Importer(815301076,1909f56bfc062723c751e8b465ee728b)
Start importing Assets/Modelagens/SALAS/sala viking/sala viking/escudo2.png using Guid(6cc84db410498c74a9cc15899f1b778b) Importer(815301076,1909f56bfc062723c751e8b465ee728b) (PreviewImporter) -> (artifact id: '005b456e7c39559d259755276ceea8d2') in 0.0587127 seconds
Number of updated asset objects reloaded before import = 0Number of asset objects unloaded after import = 2

========================================================================
Received Import Request.
  Time since last request: 0.000040 seconds.
  path: Assets/Modelagens/SALAS/sala viking/sala viking/escudo1.png
  artifactKey: Guid(4e15839a658f04c479d6c1a2e8edecbc) Importer(815301076,1909f56bfc062723c751e8b465ee728b)
Start importing Assets/Modelagens/SALAS/sala viking/sala viking/escudo1.png using Guid(4e15839a658f04c479d6c1a2e8edecbc) Importer(815301076,1909f56bfc062723c751e8b465ee728b) (PreviewImporter) -> (artifact id: 'f4fa1630a2594009d4cadf68acae003b') in 0.0472454 seconds
Number of updated asset objects reloaded before import = 0Number of asset objects unloaded after import = 2

========================================================================
Received Import Request.
  Time since last request: 0.000021 seconds.
  path: Assets/Modelagens/SALAS/sala viking/sala viking/escudo3.png
  artifactKey: Guid(b5f1ea302114cac439c6234198843fc3) Importer(815301076,1909f56bfc062723c751e8b465ee728b)
Start importing Assets/Modelagens/SALAS/sala viking/sala viking/escudo3.png using Guid(b5f1ea302114cac439c6234198843fc3) Importer(815301076,1909f56bfc062723c751e8b465ee728b) (PreviewImporter) -> (artifact id: '7d0834f550dadead2b984cefbcb5cef5') in 0.0468792 seconds
Number of updated asset objects reloaded before import = 0Number of asset objects unloaded after import = 2

========================================================================
Received Import Request.
  Time since last request: 26.315452 seconds.
  path: Assets/Modelagens/SALAS/sala viking/sala viking/texturas
  artifactKey: Guid(3c479e76c9b4ded468c2e8646b20571d) Importer(815301076,1909f56bfc062723c751e8b465ee728b)
Start importing Assets/Modelagens/SALAS/sala viking/sala viking/texturas using Guid(3c479e76c9b4ded468c2e8646b20571d) Importer(815301076,1909f56bfc062723c751e8b465ee728b) (PreviewImporter) -> (artifact id: '2aea86cabe05534f7d5953e6abf6749f') in 0.0009663 seconds
Number of updated asset objects reloaded before import = 0Number of asset objects unloaded after import = 0

========================================================================
Received Import Request.
  Time since last request: 5.075779 seconds.
  path: Assets/Modelagens/SALAS/sala viking/sala viking/barco.blend1
  artifactKey: Guid(1ef24b8752e978746909fbb1d94a183d) Importer(815301076,1909f56bfc062723c751e8b465ee728b)
Start importing Assets/Modelagens/SALAS/sala viking/sala viking/barco.blend1 using Guid(1ef24b8752e978746909fbb1d94a183d) Importer(815301076,1909f56bfc062723c751e8b465ee728b) (PreviewImporter) -> (artifact id: 'aefcda675bec4e56f4ad6876af66559a') in 0.0016087 seconds
Number of updated asset objects reloaded before import = 0Number of asset objects unloaded after import = 1

========================================================================
Received Import Request.
  Time since last request: 0.747045 seconds.
  path: Assets/Modelagens/SALAS/sala viking/sala viking/barco.blend11
  artifactKey: Guid(d3e741f46ab19c94f94c89639d32d169) Importer(815301076,1909f56bfc062723c751e8b465ee728b)
Start importing Assets/Modelagens/SALAS/sala viking/sala viking/barco.blend11 using Guid(d3e741f46ab19c94f94c89639d32d169) Importer(815301076,1909f56bfc062723c751e8b465ee728b) (PreviewImporter) -> (artifact id: '2c0da08d12e78b3c67a1f9adfed7d275') in 0.0014 seconds
Number of updated asset objects reloaded before import = 0Number of asset objects unloaded after import = 1

========================================================================
Received Import Request.
  Time since last request: 874.642939 seconds.
  path: Assets/Modelagens/KeypadDoorLock.FBX
  artifactKey: Guid(ed0630ce6ee30d94e8ec3ba12dfa3301) Importer(815301076,1909f56bfc062723c751e8b465ee728b)
Start importing Assets/Modelagens/KeypadDoorLock.FBX using Guid(ed0630ce6ee30d94e8ec3ba12dfa3301) Importer(815301076,1909f56bfc062723c751e8b465ee728b) (PreviewImporter) -> (artifact id: '87b930ba978c8b030180901799401575') in 0.357519 seconds
Number of updated asset objects reloaded before import = 0Number of asset objects unloaded after import = 9

========================================================================
Received Import Request.
  Time since last request: 2.713542 seconds.
  path: Assets/Modelagens/MODS F3
  artifactKey: Guid(4b860c1278f46dd47aa244c125d32b84) Importer(815301076,1909f56bfc062723c751e8b465ee728b)
Start importing Assets/Modelagens/MODS F3 using Guid(4b860c1278f46dd47aa244c125d32b84) Importer(815301076,1909f56bfc062723c751e8b465ee728b) (PreviewImporter) -> (artifact id: '12be6383aa937138384f9c432bf06e1f') in 0.0100129 seconds
Number of updated asset objects reloaded before import = 0Number of asset objects unloaded after import = 0

========================================================================
Received Import Request.
  Time since last request: 31.281710 seconds.
  path: Assets/Scenes/Cutscene1.unity
  artifactKey: Guid(d6df103bbca9ad14caab4700a8f663e9) Importer(815301076,1909f56bfc062723c751e8b465ee728b)
Start importing Assets/Scenes/Cutscene1.unity using Guid(d6df103bbca9ad14caab4700a8f663e9) Importer(815301076,1909f56bfc062723c751e8b465ee728b) (PreviewImporter) -> (artifact id: 'fa35ab7a75edb6da5a7102ca966e576f') in 0.0016511 seconds
Number of updated asset objects reloaded before import = 0Number of asset objects unloaded after import = 0

========================================================================
Received Prepare
Begin MonoManager ReloadAssembly
C:\build\output\Unity-Technologies\mono\mono\metadata\icall.c:1842:
C:\build\output\Unity-Technologies\mono\mono\metadata\icall.c:1842:
C:\build\output\Unity-Technologies\mono\mono\metadata\icall.c:1842:
C:\build\output\Unity-Technologies\mono\mono\metadata\icall.c:1842:
C:\build\output\Unity-Technologies\mono\mono\metadata\icall.c:1842:
C:\build\output\Unity-Technologies\mono\mono\metadata\icall.c:1842:
C:\build\output\Unity-Technologies\mono\mono\metadata\icall.c:1842:
C:\build\output\Unity-Technologies\mono\mono\metadata\icall.c:1842:
C:\build\output\Unity-Technologies\mono\mono\metadata\icall.c:1842:
C:\build\output\Unity-Technologies\mono\mono\metadata\icall.c:1842:
C:\build\output\Unity-Technologies\mono\mono\metadata\icall.c:1842:
C:\build\output\Unity-Technologies\mono\mono\metadata\icall.c:1842:
Symbol file LoadedFromMemory doesn't match image F:\3A-JOGOS\Grupos_TCC\GRUPO 5\CHASE-FUGITIVE\Fase 1 TCC\Library\PackageCache\com.unity.visualscripting@1.8.0\Editor\VisualScripting.Core\Dependencies\YamlDotNet\Unity.VisualScripting.YamlDotNet.dll
Symbol file LoadedFromMemory doesn't match image F:\3A-JOGOS\Grupos_TCC\GRUPO 5\CHASE-FUGITIVE\Fase 1 TCC\Library\PackageCache\com.unity.visualscripting@1.8.0\Editor\VisualScripting.Core\Dependencies\DotNetZip\Unity.VisualScripting.IonicZip.dll
- Loaded All Assemblies, in 38.905 seconds
Refreshing native plugins compatible for Editor in 2.59 ms, found 3 plugins.
Native extension for WindowsStandalone target not found
Mono: successfully reloaded assembly
- Finished resetting the current domain, in  0.898 seconds
Domain Reload Profiling: 39797ms
	BeginReloadAssembly (234ms)
		ExecutionOrderSort (0ms)
		DisableScriptedObjects (5ms)
		BackupInstance (0ms)
		ReleaseScriptingObjects (0ms)
		CreateAndSetChildDomain (63ms)
	RebuildCommonClasses (38ms)
	RebuildNativeTypeToScriptingClass (14ms)
	initialDomainReloadingComplete (32ms)
	LoadAllAssembliesAndSetupDomain (38581ms)
		LoadAssemblies (38557ms)
		RebuildTransferFunctionScriptingTraits (0ms)
		AnalyzeDomain (132ms)
			TypeCache.Refresh (8ms)
				TypeCache.ScanAssembly (0ms)
			BuildScriptInfoCaches (116ms)
			ResolveRequiredComponents (5ms)
	FinalizeReload (898ms)
		ReleaseScriptCaches (0ms)
		RebuildScriptCaches (0ms)
		SetupLoadedEditorAssemblies (541ms)
			LogAssemblyErrors (0ms)
			InitializePlatformSupportModulesInManaged (2ms)
			SetLoadedEditorAssemblies (4ms)
			BeforeProcessingInitializeOnLoad (60ms)
			ProcessInitializeOnLoadAttributes (445ms)
			ProcessInitializeOnLoadMethodAttributes (23ms)
			AfterProcessingInitializeOnLoad (6ms)
			EditorAssembliesLoaded (0ms)
		ExecutionOrderSort2 (0ms)
		AwakeInstancesAfterBackupRestoration (9ms)
Refreshing native plugins compatible for Editor in 6.61 ms, found 3 plugins.
Preloading 0 native plugins for Editor in 0.00 ms.
Unloading 14 Unused Serialized files (Serialized files now loaded: 0)
Unloading 3320 unused Assets / (2.9 MB). Loaded Objects now: 3977.
Memory consumption went from 140.0 MB to 137.1 MB.
Total: 6.275100 ms (FindLiveObjects: 0.546900 ms CreateObjectMapping: 0.264600 ms MarkObjects: 3.924400 ms  DeleteObjects: 1.538100 ms)

Prepare: number of updated asset objects reloaded= 0
========================================================================
Received Prepare
Begin MonoManager ReloadAssembly
C:\build\output\Unity-Technologies\mono\mono\metadata\icall.c:1842:
C:\build\output\Unity-Technologies\mono\mono\metadata\icall.c:1842:
C:\build\output\Unity-Technologies\mono\mono\metadata\icall.c:1842:
C:\build\output\Unity-Technologies\mono\mono\metadata\icall.c:1842:
C:\build\output\Unity-Technologies\mono\mono\metadata\icall.c:1842:
C:\build\output\Unity-Technologies\mono\mono\metadata\icall.c:1842:
C:\build\output\Unity-Technologies\mono\mono\metadata\icall.c:1842:
C:\build\output\Unity-Technologies\mono\mono\metadata\icall.c:1842:
C:\build\output\Unity-Technologies\mono\mono\metadata\icall.c:1842:
C:\build\output\Unity-Technologies\mono\mono\metadata\icall.c:1842:
C:\build\output\Unity-Technologies\mono\mono\metadata\icall.c:1842:
C:\build\output\Unity-Technologies\mono\mono\metadata\icall.c:1842:
Symbol file LoadedFromMemory doesn't match image F:\3A-JOGOS\Grupos_TCC\GRUPO 5\CHASE-FUGITIVE\Fase 1 TCC\Library\PackageCache\com.unity.visualscripting@1.8.0\Editor\VisualScripting.Core\Dependencies\YamlDotNet\Unity.VisualScripting.YamlDotNet.dll
Symbol file LoadedFromMemory doesn't match image F:\3A-JOGOS\Grupos_TCC\GRUPO 5\CHASE-FUGITIVE\Fase 1 TCC\Library\PackageCache\com.unity.visualscripting@1.8.0\Editor\VisualScripting.Core\Dependencies\DotNetZip\Unity.VisualScripting.IonicZip.dll
- Loaded All Assemblies, in 10.187 seconds
Refreshing native plugins compatible for Editor in 19.93 ms, found 3 plugins.
Native extension for WindowsStandalone target not found
Mono: successfully reloaded assembly
- Finished resetting the current domain, in  0.644 seconds
Domain Reload Profiling: 10822ms
	BeginReloadAssembly (233ms)
		ExecutionOrderSort (0ms)
		DisableScriptedObjects (6ms)
		BackupInstance (0ms)
		ReleaseScriptingObjects (0ms)
		CreateAndSetChildDomain (41ms)
	RebuildCommonClasses (39ms)
	RebuildNativeTypeToScriptingClass (14ms)
	initialDomainReloadingComplete (34ms)
	LoadAllAssembliesAndSetupDomain (9858ms)
		LoadAssemblies (9830ms)
		RebuildTransferFunctionScriptingTraits (0ms)
		AnalyzeDomain (130ms)
			TypeCache.Refresh (6ms)
				TypeCache.ScanAssembly (0ms)
			BuildScriptInfoCaches (116ms)
			ResolveRequiredComponents (5ms)
	FinalizeReload (644ms)
		ReleaseScriptCaches (0ms)
		RebuildScriptCaches (0ms)
		SetupLoadedEditorAssemblies (445ms)
			LogAssemblyErrors (0ms)
			InitializePlatformSupportModulesInManaged (3ms)
			SetLoadedEditorAssemblies (4ms)
			BeforeProcessingInitializeOnLoad (59ms)
			ProcessInitializeOnLoadAttributes (352ms)
			ProcessInitializeOnLoadMethodAttributes (21ms)
			AfterProcessingInitializeOnLoad (6ms)
			EditorAssembliesLoaded (0ms)
		ExecutionOrderSort2 (0ms)
		AwakeInstancesAfterBackupRestoration (8ms)
Refreshing native plugins compatible for Editor in 22.27 ms, found 3 plugins.
Preloading 0 native plugins for Editor in 0.00 ms.
Unloading 14 Unused Serialized files (Serialized files now loaded: 0)
Unloading 3320 unused Assets / (2.9 MB). Loaded Objects now: 3977.
Memory consumption went from 141.9 MB to 139.0 MB.
Total: 6.303700 ms (FindLiveObjects: 0.527300 ms CreateObjectMapping: 0.347400 ms MarkObjects: 3.856100 ms  DeleteObjects: 1.571400 ms)

Prepare: number of updated asset objects reloaded= 0
========================================================================
Received Prepare
Begin MonoManager ReloadAssembly
C:\build\output\Unity-Technologies\mono\mono\metadata\icall.c:1842:
C:\build\output\Unity-Technologies\mono\mono\metadata\icall.c:1842:
C:\build\output\Unity-Technologies\mono\mono\metadata\icall.c:1842:
C:\build\output\Unity-Technologies\mono\mono\metadata\icall.c:1842:
C:\build\output\Unity-Technologies\mono\mono\metadata\icall.c:1842:
C:\build\output\Unity-Technologies\mono\mono\metadata\icall.c:1842:
C:\build\output\Unity-Technologies\mono\mono\metadata\icall.c:1842:
C:\build\output\Unity-Technologies\mono\mono\metadata\icall.c:1842:
C:\build\output\Unity-Technologies\mono\mono\metadata\icall.c:1842:
C:\build\output\Unity-Technologies\mono\mono\metadata\icall.c:1842:
C:\build\output\Unity-Technologies\mono\mono\metadata\icall.c:1842:
C:\build\output\Unity-Technologies\mono\mono\metadata\icall.c:1842:
Symbol file LoadedFromMemory doesn't match image F:\3A-JOGOS\Grupos_TCC\GRUPO 5\CHASE-FUGITIVE\Fase 1 TCC\Library\PackageCache\com.unity.visualscripting@1.8.0\Editor\VisualScripting.Core\Dependencies\YamlDotNet\Unity.VisualScripting.YamlDotNet.dll
Symbol file LoadedFromMemory doesn't match image F:\3A-JOGOS\Grupos_TCC\GRUPO 5\CHASE-FUGITIVE\Fase 1 TCC\Library\PackageCache\com.unity.visualscripting@1.8.0\Editor\VisualScripting.Core\Dependencies\DotNetZip\Unity.VisualScripting.IonicZip.dll
- Loaded All Assemblies, in 14.441 seconds
Refreshing native plugins compatible for Editor in 53.93 ms, found 3 plugins.
Native extension for WindowsStandalone target not found
Mono: successfully reloaded assembly
- Finished resetting the current domain, in  0.715 seconds
Domain Reload Profiling: 15151ms
	BeginReloadAssembly (266ms)
		ExecutionOrderSort (0ms)
		DisableScriptedObjects (5ms)
		BackupInstance (0ms)
		ReleaseScriptingObjects (0ms)
		CreateAndSetChildDomain (42ms)
	RebuildCommonClasses (45ms)
	RebuildNativeTypeToScriptingClass (14ms)
	initialDomainReloadingComplete (29ms)
	LoadAllAssembliesAndSetupDomain (14080ms)
		LoadAssemblies (14050ms)
		RebuildTransferFunctionScriptingTraits (0ms)
		AnalyzeDomain (136ms)
			TypeCache.Refresh (6ms)
				TypeCache.ScanAssembly (0ms)
			BuildScriptInfoCaches (123ms)
			ResolveRequiredComponents (5ms)
	FinalizeReload (716ms)
		ReleaseScriptCaches (0ms)
		RebuildScriptCaches (0ms)
		SetupLoadedEditorAssemblies (452ms)
			LogAssemblyErrors (0ms)
			InitializePlatformSupportModulesInManaged (2ms)
			SetLoadedEditorAssemblies (4ms)
			BeforeProcessingInitializeOnLoad (61ms)
			ProcessInitializeOnLoadAttributes (356ms)
			ProcessInitializeOnLoadMethodAttributes (21ms)
			AfterProcessingInitializeOnLoad (7ms)
			EditorAssembliesLoaded (0ms)
		ExecutionOrderSort2 (0ms)
		AwakeInstancesAfterBackupRestoration (9ms)
Refreshing native plugins compatible for Editor in 8.43 ms, found 3 plugins.
Preloading 0 native plugins for Editor in 0.00 ms.
Unloading 14 Unused Serialized files (Serialized files now loaded: 0)
Unloading 3320 unused Assets / (3.3 MB). Loaded Objects now: 3977.
Memory consumption went from 143.8 MB to 140.5 MB.
Total: 8.410500 ms (FindLiveObjects: 0.740900 ms CreateObjectMapping: 0.389200 ms MarkObjects: 4.499400 ms  DeleteObjects: 2.777600 ms)

Prepare: number of updated asset objects reloaded= 0
========================================================================
Received Prepare
Begin MonoManager ReloadAssembly
C:\build\output\Unity-Technologies\mono\mono\metadata\icall.c:1842:
C:\build\output\Unity-Technologies\mono\mono\metadata\icall.c:1842:
C:\build\output\Unity-Technologies\mono\mono\metadata\icall.c:1842:
C:\build\output\Unity-Technologies\mono\mono\metadata\icall.c:1842:
C:\build\output\Unity-Technologies\mono\mono\metadata\icall.c:1842:
C:\build\output\Unity-Technologies\mono\mono\metadata\icall.c:1842:
C:\build\output\Unity-Technologies\mono\mono\metadata\icall.c:1842:
C:\build\output\Unity-Technologies\mono\mono\metadata\icall.c:1842:
C:\build\output\Unity-Technologies\mono\mono\metadata\icall.c:1842:
C:\build\output\Unity-Technologies\mono\mono\metadata\icall.c:1842:
C:\build\output\Unity-Technologies\mono\mono\metadata\icall.c:1842:
C:\build\output\Unity-Technologies\mono\mono\metadata\icall.c:1842:
Symbol file LoadedFromMemory doesn't match image F:\3A-JOGOS\Grupos_TCC\GRUPO 5\CHASE-FUGITIVE\Fase 1 TCC\Library\PackageCache\com.unity.visualscripting@1.8.0\Editor\VisualScripting.Core\Dependencies\YamlDotNet\Unity.VisualScripting.YamlDotNet.dll
Symbol file LoadedFromMemory doesn't match image F:\3A-JOGOS\Grupos_TCC\GRUPO 5\CHASE-FUGITIVE\Fase 1 TCC\Library\PackageCache\com.unity.visualscripting@1.8.0\Editor\VisualScripting.Core\Dependencies\DotNetZip\Unity.VisualScripting.IonicZip.dll
- Loaded All Assemblies, in  1.379 seconds
Refreshing native plugins compatible for Editor in 3.47 ms, found 3 plugins.
Native extension for WindowsStandalone target not found
Mono: successfully reloaded assembly
- Finished resetting the current domain, in  0.694 seconds
Domain Reload Profiling: 2067ms
	BeginReloadAssembly (241ms)
		ExecutionOrderSort (0ms)
		DisableScriptedObjects (6ms)
		BackupInstance (0ms)
		ReleaseScriptingObjects (0ms)
		CreateAndSetChildDomain (64ms)
	RebuildCommonClasses (47ms)
	RebuildNativeTypeToScriptingClass (16ms)
	initialDomainReloadingComplete (40ms)
	LoadAllAssembliesAndSetupDomain (1030ms)
		LoadAssemblies (987ms)
		RebuildTransferFunctionScriptingTraits (0ms)
		AnalyzeDomain (163ms)
			TypeCache.Refresh (8ms)
				TypeCache.ScanAssembly (0ms)
			BuildScriptInfoCaches (145ms)
			ResolveRequiredComponents (6ms)
	FinalizeReload (694ms)
		ReleaseScriptCaches (0ms)
		RebuildScriptCaches (0ms)
		SetupLoadedEditorAssemblies (468ms)
			LogAssemblyErrors (0ms)
			InitializePlatformSupportModulesInManaged (3ms)
			SetLoadedEditorAssemblies (5ms)
			BeforeProcessingInitializeOnLoad (78ms)
			ProcessInitializeOnLoadAttributes (350ms)
			ProcessInitializeOnLoadMethodAttributes (25ms)
			AfterProcessingInitializeOnLoad (6ms)
			EditorAssembliesLoaded (0ms)
		ExecutionOrderSort2 (0ms)
		AwakeInstancesAfterBackupRestoration (9ms)
Refreshing native plugins compatible for Editor in 5.60 ms, found 3 plugins.
Preloading 0 native plugins for Editor in 0.00 ms.
Unloading 14 Unused Serialized files (Serialized files now loaded: 0)
Unloading 3320 unused Assets / (2.8 MB). Loaded Objects now: 3977.
Memory consumption went from 145.8 MB to 142.9 MB.
Total: 7.559300 ms (FindLiveObjects: 0.488800 ms CreateObjectMapping: 0.563800 ms MarkObjects: 4.809500 ms  DeleteObjects: 1.695500 ms)

Prepare: number of updated asset objects reloaded= 0
========================================================================
Received Prepare
Begin MonoManager ReloadAssembly
C:\build\output\Unity-Technologies\mono\mono\metadata\icall.c:1842:
C:\build\output\Unity-Technologies\mono\mono\metadata\icall.c:1842:
C:\build\output\Unity-Technologies\mono\mono\metadata\icall.c:1842:
C:\build\output\Unity-Technologies\mono\mono\metadata\icall.c:1842:
C:\build\output\Unity-Technologies\mono\mono\metadata\icall.c:1842:
C:\build\output\Unity-Technologies\mono\mono\metadata\icall.c:1842:
C:\build\output\Unity-Technologies\mono\mono\metadata\icall.c:1842:
C:\build\output\Unity-Technologies\mono\mono\metadata\icall.c:1842:
C:\build\output\Unity-Technologies\mono\mono\metadata\icall.c:1842:
C:\build\output\Unity-Technologies\mono\mono\metadata\icall.c:1842:
C:\build\output\Unity-Technologies\mono\mono\metadata\icall.c:1842:
C:\build\output\Unity-Technologies\mono\mono\metadata\icall.c:1842:
Symbol file LoadedFromMemory doesn't match image F:\3A-JOGOS\Grupos_TCC\GRUPO 5\CHASE-FUGITIVE\Fase 1 TCC\Library\PackageCache\com.unity.visualscripting@1.8.0\Editor\VisualScripting.Core\Dependencies\YamlDotNet\Unity.VisualScripting.YamlDotNet.dll
Symbol file LoadedFromMemory doesn't match image F:\3A-JOGOS\Grupos_TCC\GRUPO 5\CHASE-FUGITIVE\Fase 1 TCC\Library\PackageCache\com.unity.visualscripting@1.8.0\Editor\VisualScripting.Core\Dependencies\DotNetZip\Unity.VisualScripting.IonicZip.dll
- Loaded All Assemblies, in 10.754 seconds
Refreshing native plugins compatible for Editor in 7.48 ms, found 3 plugins.
Native extension for WindowsStandalone target not found
Mono: successfully reloaded assembly
- Finished resetting the current domain, in  0.762 seconds
Domain Reload Profiling: 11510ms
	BeginReloadAssembly (198ms)
		ExecutionOrderSort (0ms)
		DisableScriptedObjects (5ms)
		BackupInstance (0ms)
		ReleaseScriptingObjects (0ms)
		CreateAndSetChildDomain (37ms)
	RebuildCommonClasses (37ms)
	RebuildNativeTypeToScriptingClass (14ms)
	initialDomainReloadingComplete (27ms)
	LoadAllAssembliesAndSetupDomain (10471ms)
		LoadAssemblies (10429ms)
		RebuildTransferFunctionScriptingTraits (0ms)
		AnalyzeDomain (141ms)
			TypeCache.Refresh (6ms)
				TypeCache.ScanAssembly (0ms)
			BuildScriptInfoCaches (127ms)
			ResolveRequiredComponents (5ms)
	FinalizeReload (762ms)
		ReleaseScriptCaches (0ms)
		RebuildScriptCaches (0ms)
		SetupLoadedEditorAssemblies (506ms)
			LogAssemblyErrors (0ms)
			InitializePlatformSupportModulesInManaged (2ms)
			SetLoadedEditorAssemblies (4ms)
			BeforeProcessingInitializeOnLoad (97ms)
			ProcessInitializeOnLoadAttributes (376ms)
			ProcessInitializeOnLoadMethodAttributes (20ms)
			AfterProcessingInitializeOnLoad (6ms)
			EditorAssembliesLoaded (0ms)
		ExecutionOrderSort2 (0ms)
		AwakeInstancesAfterBackupRestoration (8ms)
Refreshing native plugins compatible for Editor in 8.45 ms, found 3 plugins.
Preloading 0 native plugins for Editor in 0.00 ms.
Unloading 14 Unused Serialized files (Serialized files now loaded: 0)
Unloading 3320 unused Assets / (3.0 MB). Loaded Objects now: 3977.
Memory consumption went from 147.7 MB to 144.7 MB.
Total: 9.082000 ms (FindLiveObjects: 0.553500 ms CreateObjectMapping: 0.303500 ms MarkObjects: 5.689800 ms  DeleteObjects: 2.532800 ms)

Prepare: number of updated asset objects reloaded= 0
========================================================================
Received Prepare
Begin MonoManager ReloadAssembly
C:\build\output\Unity-Technologies\mono\mono\metadata\icall.c:1842:
C:\build\output\Unity-Technologies\mono\mono\metadata\icall.c:1842:
C:\build\output\Unity-Technologies\mono\mono\metadata\icall.c:1842:
C:\build\output\Unity-Technologies\mono\mono\metadata\icall.c:1842:
C:\build\output\Unity-Technologies\mono\mono\metadata\icall.c:1842:
C:\build\output\Unity-Technologies\mono\mono\metadata\icall.c:1842:
C:\build\output\Unity-Technologies\mono\mono\metadata\icall.c:1842:
C:\build\output\Unity-Technologies\mono\mono\metadata\icall.c:1842:
C:\build\output\Unity-Technologies\mono\mono\metadata\icall.c:1842:
C:\build\output\Unity-Technologies\mono\mono\metadata\icall.c:1842:
C:\build\output\Unity-Technologies\mono\mono\metadata\icall.c:1842:
C:\build\output\Unity-Technologies\mono\mono\metadata\icall.c:1842:
Symbol file LoadedFromMemory doesn't match image F:\3A-JOGOS\Grupos_TCC\GRUPO 5\CHASE-FUGITIVE\Fase 1 TCC\Library\PackageCache\com.unity.visualscripting@1.8.0\Editor\VisualScripting.Core\Dependencies\YamlDotNet\Unity.VisualScripting.YamlDotNet.dll
Symbol file LoadedFromMemory doesn't match image F:\3A-JOGOS\Grupos_TCC\GRUPO 5\CHASE-FUGITIVE\Fase 1 TCC\Library\PackageCache\com.unity.visualscripting@1.8.0\Editor\VisualScripting.Core\Dependencies\DotNetZip\Unity.VisualScripting.IonicZip.dll
- Loaded All Assemblies, in  2.005 seconds
Refreshing native plugins compatible for Editor in 3.58 ms, found 3 plugins.
Native extension for WindowsStandalone target not found
Mono: successfully reloaded assembly
- Finished resetting the current domain, in  0.663 seconds
Domain Reload Profiling: 2628ms
	BeginReloadAssembly (297ms)
		ExecutionOrderSort (0ms)
		DisableScriptedObjects (5ms)
		BackupInstance (0ms)
		ReleaseScriptingObjects (0ms)
		CreateAndSetChildDomain (38ms)
	RebuildCommonClasses (38ms)
	RebuildNativeTypeToScriptingClass (14ms)
	initialDomainReloadingComplete (49ms)
	LoadAllAssembliesAndSetupDomain (1566ms)
		LoadAssemblies (1500ms)
		RebuildTransferFunctionScriptingTraits (0ms)
		AnalyzeDomain (162ms)
			TypeCache.Refresh (9ms)
				TypeCache.ScanAssembly (0ms)
			BuildScriptInfoCaches (143ms)
			ResolveRequiredComponents (5ms)
	FinalizeReload (664ms)
		ReleaseScriptCaches (0ms)
		RebuildScriptCaches (0ms)
		SetupLoadedEditorAssemblies (445ms)
			LogAssemblyErrors (0ms)
			InitializePlatformSupportModulesInManaged (3ms)
			SetLoadedEditorAssemblies (5ms)
			BeforeProcessingInitializeOnLoad (76ms)
			ProcessInitializeOnLoadAttributes (332ms)
			ProcessInitializeOnLoadMethodAttributes (24ms)
			AfterProcessingInitializeOnLoad (6ms)
			EditorAssembliesLoaded (0ms)
		ExecutionOrderSort2 (0ms)
		AwakeInstancesAfterBackupRestoration (9ms)
Refreshing native plugins compatible for Editor in 2.65 ms, found 3 plugins.
Preloading 0 native plugins for Editor in 0.00 ms.
Unloading 14 Unused Serialized files (Serialized files now loaded: 0)
Unloading 3320 unused Assets / (3.0 MB). Loaded Objects now: 3977.
Memory consumption went from 149.6 MB to 146.7 MB.
Total: 7.821300 ms (FindLiveObjects: 0.500700 ms CreateObjectMapping: 0.183900 ms MarkObjects: 5.036600 ms  DeleteObjects: 2.098100 ms)

Prepare: number of updated asset objects reloaded= 0
